<?xml version="1.0" encoding="UTF-8"?>
<!-- Generated by org.testng.reporters.JUnitReportReporter -->
<testsuite hostname="DESKTOP-3824BQ8" failures="0" tests="1" name="testRun.LoginRun" time="90.437" errors="0" timestamp="2023-02-28T15:11:16 IST" skipped="0">
  <testcase classname="testRun.LoginRun" name="runScenario" time="90.437"/>
  <system-out/>
</testsuite> <!-- testRun.LoginRun -->
