<?xml version="1.0" encoding="UTF-8"?>
<!-- Generated by org.testng.reporters.JUnitReportReporter -->
<testsuite hostname="DESKTOP-3824BQ8" failures="0" tests="1" name="testRun.LoginRun" time="21.032" errors="0" timestamp="2023-03-01T17:47:13 IST" skipped="0">
  <testcase classname="testRun.LoginRun" name="runScenario" time="21.032"/>
  <system-out/>
</testsuite> <!-- testRun.LoginRun -->
